# JRE version: OpenJDK Runtime Environment (8.0_292-b10) (build 1.8.0_292-b10)
# Java VM: OpenJDK 64-Bit Server VM (25.292-b10 mixed mode bsd-amd64 compressed oops)
Heap:
 PSYoungGen      total 459264K, used 430197K [0x000000076ab00000, 0x000000078a600000, 0x00000007c0000000)
  eden space 420864K, 93% used [0x000000076ab00000,0x0000000782bd4020,0x0000000784600000)
  from space 38400K, 94% used [0x0000000787000000,0x0000000789349648,0x0000000789580000)
  to   space 43008K, 0% used [0x0000000784600000,0x0000000784600000,0x0000000787000000)
 ParOldGen       total 156672K, used 40188K [0x00000006c0000000, 0x00000006c9900000, 0x000000076ab00000)
  object space 156672K, 25% used [0x00000006c0000000,0x00000006c273f368,0x00000006c9900000)
 Metaspace       used 33774K, capacity 34216K, committed 34688K, reserved 1079296K
  class space    used 4562K, capacity 4717K, committed 4736K, reserved 1048576K
GC Heap History (10 events):
Event: 5.605 GC heap before
{Heap before GC invocations=5 (full 0):
 PSYoungGen      total 141824K, used 141793K [0x000000076ab00000, 0x0000000774000000, 0x00000007c0000000)
  eden space 131072K, 100% used [0x000000076ab00000,0x0000000772b00000,0x0000000772b00000)
  from space 10752K, 99% used [0x0000000773580000,0x0000000773ff8728,0x0000000774000000)
  to   space 10752K, 0% used [0x0000000772b00000,0x0000000772b00000,0x0000000773580000)
 ParOldGen       total 175104K, used 28284K [0x00000006c0000000, 0x00000006cab00000, 0x000000076ab00000)
  object space 175104K, 16% used [0x00000006c0000000,0x00000006c1b9f198,0x00000006cab00000)
 Metaspace       used 18467K, capacity 18812K, committed 19072K, reserved 1067008K
  class space    used 2270K, capacity 2365K, committed 2432K, reserved 1048576K
Event: 5.637 GC heap after
Heap after GC invocations=5 (full 0):
 PSYoungGen      total 141824K, used 10740K [0x000000076ab00000, 0x000000077fc00000, 0x00000007c0000000)
  eden space 131072K, 0% used [0x000000076ab00000,0x000000076ab00000,0x0000000772b00000)
  from space 10752K, 99% used [0x0000000772b00000,0x000000077357d1d8,0x0000000773580000)
  to   space 41472K, 0% used [0x000000077d380000,0x000000077d380000,0x000000077fc00000)
 ParOldGen       total 175104K, used 53183K [0x00000006c0000000, 0x00000006cab00000, 0x000000076ab00000)
  object space 175104K, 30% used [0x00000006c0000000,0x00000006c33efde8,0x00000006cab00000)
 Metaspace       used 18467K, capacity 18812K, committed 19072K, reserved 1067008K
  class space    used 2270K, capacity 2365K, committed 2432K, reserved 1048576K
}
Event: 6.583 GC heap before
{Heap before GC invocations=6 (full 0):
 PSYoungGen      total 141824K, used 127412K [0x000000076ab00000, 0x000000077fc00000, 0x00000007c0000000)
  eden space 131072K, 89% used [0x000000076ab00000,0x0000000771cf0088,0x0000000772b00000)
  from space 10752K, 99% used [0x0000000772b00000,0x000000077357d1d8,0x0000000773580000)
  to   space 41472K, 0% used [0x000000077d380000,0x000000077d380000,0x000000077fc00000)
 ParOldGen       total 175104K, used 53183K [0x00000006c0000000, 0x00000006cab00000, 0x000000076ab00000)
  object space 175104K, 30% used [0x00000006c0000000,0x00000006c33efde8,0x00000006cab00000)
 Metaspace       used 20802K, capacity 21174K, committed 21296K, reserved 1069056K
  class space    used 2499K, capacity 2656K, committed 2688K, reserved 1048576K
Event: 6.594 GC heap after
Heap after GC invocations=6 (full 0):
 PSYoungGen      total 299520K, used 15727K [0x000000076ab00000, 0x000000077f800000, 0x00000007c0000000)
  eden space 262144K, 0% used [0x000000076ab00000,0x000000076ab00000,0x000000077ab00000)
  from space 37376K, 42% used [0x000000077d380000,0x000000077e2dbd00,0x000000077f800000)
  to   space 39424K, 0% used [0x000000077ab00000,0x000000077ab00000,0x000000077d180000)
 ParOldGen       total 175104K, used 53191K [0x00000006c0000000, 0x00000006cab00000, 0x000000076ab00000)
  object space 175104K, 30% used [0x00000006c0000000,0x00000006c33f1de8,0x00000006cab00000)
 Metaspace       used 20802K, capacity 21174K, committed 21296K, reserved 1069056K
  class space    used 2499K, capacity 2656K, committed 2688K, reserved 1048576K
}
Event: 6.594 GC heap before
{Heap before GC invocations=7 (full 1):
 PSYoungGen      total 299520K, used 15727K [0x000000076ab00000, 0x000000077f800000, 0x00000007c0000000)
  eden space 262144K, 0% used [0x000000076ab00000,0x000000076ab00000,0x000000077ab00000)
  from space 37376K, 42% used [0x000000077d380000,0x000000077e2dbd00,0x000000077f800000)
  to   space 39424K, 0% used [0x000000077ab00000,0x000000077ab00000,0x000000077d180000)
 ParOldGen       total 175104K, used 53191K [0x00000006c0000000, 0x00000006cab00000, 0x000000076ab00000)
  object space 175104K, 30% used [0x00000006c0000000,0x00000006c33f1de8,0x00000006cab00000)
 Metaspace       used 20802K, capacity 21174K, committed 21296K, reserved 1069056K
  class space    used 2499K, capacity 2656K, committed 2688K, reserved 1048576K
Event: 6.641 GC heap after
Heap after GC invocations=7 (full 1):
 PSYoungGen      total 299520K, used 0K [0x000000076ab00000, 0x000000077f800000, 0x00000007c0000000)
  eden space 262144K, 0% used [0x000000076ab00000,0x000000076ab00000,0x000000077ab00000)
  from space 37376K, 0% used [0x000000077d380000,0x000000077d380000,0x000000077f800000)
  to   space 39424K, 0% used [0x000000077ab00000,0x000000077ab00000,0x000000077d180000)
 ParOldGen       total 156672K, used 40172K [0x00000006c0000000, 0x00000006c9900000, 0x000000076ab00000)
  object space 156672K, 25% used [0x00000006c0000000,0x00000006c273b368,0x00000006c9900000)
 Metaspace       used 20802K, capacity 21174K, committed 21296K, reserved 1069056K
  class space    used 2499K, capacity 2656K, committed 2688K, reserved 1048576K
}
Event: 9.366 GC heap before
{Heap before GC invocations=8 (full 1):
 PSYoungGen      total 299520K, used 262144K [0x000000076ab00000, 0x000000077f800000, 0x00000007c0000000)
  eden space 262144K, 100% used [0x000000076ab00000,0x000000077ab00000,0x000000077ab00000)
  from space 37376K, 0% used [0x000000077d380000,0x000000077d380000,0x000000077f800000)
  to   space 39424K, 0% used [0x000000077ab00000,0x000000077ab00000,0x000000077d180000)
 ParOldGen       total 156672K, used 40172K [0x00000006c0000000, 0x00000006c9900000, 0x000000076ab00000)
  object space 156672K, 25% used [0x00000006c0000000,0x00000006c273b368,0x00000006c9900000)
 Metaspace       used 25926K, capacity 26398K, committed 26624K, reserved 1073152K
  class space    used 3189K, capacity 3306K, committed 3328K, reserved 1048576K
Event: 9.381 GC heap after
Heap after GC invocations=8 (full 1):
 PSYoungGen      total 301568K, used 23776K [0x000000076ab00000, 0x0000000789580000, 0x00000007c0000000)
  eden space 262144K, 0% used [0x000000076ab00000,0x000000076ab00000,0x000000077ab00000)
  from space 39424K, 60% used [0x000000077ab00000,0x000000077c238148,0x000000077d180000)
  to   space 38400K, 0% used [0x0000000787000000,0x0000000787000000,0x0000000789580000)
 ParOldGen       total 156672K, used 40180K [0x00000006c0000000, 0x00000006c9900000, 0x000000076ab00000)
  object space 156672K, 25% used [0x00000006c0000000,0x00000006c273d368,0x00000006c9900000)
 Metaspace       used 25926K, capacity 26398K, committed 26624K, reserved 1073152K
  class space    used 3189K, capacity 3306K, committed 3328K, reserved 1048576K
}
Event: 10.632 GC heap before
{Heap before GC invocations=9 (full 1):
 PSYoungGen      total 301568K, used 285920K [0x000000076ab00000, 0x0000000789580000, 0x00000007c0000000)
  eden space 262144K, 100% used [0x000000076ab00000,0x000000077ab00000,0x000000077ab00000)
  from space 39424K, 60% used [0x000000077ab00000,0x000000077c238148,0x000000077d180000)
  to   space 38400K, 0% used [0x0000000787000000,0x0000000787000000,0x0000000789580000)
 ParOldGen       total 156672K, used 40180K [0x00000006c0000000, 0x00000006c9900000, 0x000000076ab00000)
  object space 156672K, 25% used [0x00000006c0000000,0x00000006c273d368,0x00000006c9900000)
 Metaspace       used 28554K, capacity 29002K, committed 29312K, reserved 1075200K
  class space    used 3739K, capacity 3852K, committed 3968K, reserved 1048576K
Event: 10.655 GC heap after
Heap after GC invocations=9 (full 1):
 PSYoungGen      total 459264K, used 36133K [0x000000076ab00000, 0x000000078a600000, 0x00000007c0000000)
  eden space 420864K, 0% used [0x000000076ab00000,0x000000076ab00000,0x0000000784600000)
  from space 38400K, 94% used [0x0000000787000000,0x0000000789349648,0x0000000789580000)
  to   space 43008K, 0% used [0x0000000784600000,0x0000000784600000,0x0000000787000000)
 ParOldGen       total 156672K, used 40188K [0x00000006c0000000, 0x00000006c9900000, 0x000000076ab00000)
  object space 156672K, 25% used [0x00000006c0000000,0x00000006c273f368,0x00000006c9900000)
 Metaspace       used 28554K, capacity 29002K, committed 29312K, reserved 1075200K
  class space    used 3739K, capacity 3852K, committed 3968K, reserved 1048576K
}

