# JRE version: OpenJDK Runtime Environment (8.0_292-b10) (build 1.8.0_292-b10)
# Java VM: OpenJDK 64-Bit Server VM (25.292-b10 mixed mode bsd-amd64 compressed oops)
Heap:
 PSYoungGen      total 466432K, used 445340K [0x000000076ab00000, 0x000000078a580000, 0x00000007c0000000)
  eden space 429056K, 95% used [0x000000076ab00000,0x0000000783b31408,0x0000000784e00000)
  from space 37376K, 95% used [0x0000000787700000,0x00000007899b5f58,0x0000000789b80000)
  to   space 41984K, 0% used [0x0000000784e00000,0x0000000784e00000,0x0000000787700000)
 ParOldGen       total 154112K, used 39907K [0x00000006c0000000, 0x00000006c9680000, 0x000000076ab00000)
  object space 154112K, 25% used [0x00000006c0000000,0x00000006c26f8e48,0x00000006c9680000)
 Metaspace       used 33797K, capacity 34216K, committed 34688K, reserved 1079296K
  class space    used 4565K, capacity 4717K, committed 4736K, reserved 1048576K
GC Heap History (10 events):
Event: 5.774 GC heap before
{Heap before GC invocations=5 (full 0):
 PSYoungGen      total 141824K, used 141820K [0x000000076ab00000, 0x0000000774000000, 0x00000007c0000000)
  eden space 131072K, 100% used [0x000000076ab00000,0x0000000772b00000,0x0000000772b00000)
  from space 10752K, 99% used [0x0000000773580000,0x0000000773fff128,0x0000000774000000)
  to   space 10752K, 0% used [0x0000000772b00000,0x0000000772b00000,0x0000000773580000)
 ParOldGen       total 175104K, used 31487K [0x00000006c0000000, 0x00000006cab00000, 0x000000076ab00000)
  object space 175104K, 17% used [0x00000006c0000000,0x00000006c1ebff28,0x00000006cab00000)
 Metaspace       used 18894K, capacity 19246K, committed 19328K, reserved 1067008K
  class space    used 2312K, capacity 2400K, committed 2432K, reserved 1048576K
Event: 5.808 GC heap after
Heap after GC invocations=5 (full 0):
 PSYoungGen      total 141824K, used 10741K [0x000000076ab00000, 0x000000077fa00000, 0x00000007c0000000)
  eden space 131072K, 0% used [0x000000076ab00000,0x000000076ab00000,0x0000000772b00000)
  from space 10752K, 99% used [0x0000000772b00000,0x000000077357d4d0,0x0000000773580000)
  to   space 40448K, 0% used [0x000000077d280000,0x000000077d280000,0x000000077fa00000)
 ParOldGen       total 175104K, used 54376K [0x00000006c0000000, 0x00000006cab00000, 0x000000076ab00000)
  object space 175104K, 31% used [0x00000006c0000000,0x00000006c351a108,0x00000006cab00000)
 Metaspace       used 18894K, capacity 19246K, committed 19328K, reserved 1067008K
  class space    used 2312K, capacity 2400K, committed 2432K, reserved 1048576K
}
Event: 6.525 GC heap before
{Heap before GC invocations=6 (full 0):
 PSYoungGen      total 141824K, used 103710K [0x000000076ab00000, 0x000000077fa00000, 0x00000007c0000000)
  eden space 131072K, 70% used [0x000000076ab00000,0x00000007705ca690,0x0000000772b00000)
  from space 10752K, 99% used [0x0000000772b00000,0x000000077357d4d0,0x0000000773580000)
  to   space 40448K, 0% used [0x000000077d280000,0x000000077d280000,0x000000077fa00000)
 ParOldGen       total 175104K, used 54376K [0x00000006c0000000, 0x00000006cab00000, 0x000000076ab00000)
  object space 175104K, 31% used [0x00000006c0000000,0x00000006c351a108,0x00000006cab00000)
 Metaspace       used 20796K, capacity 21146K, committed 21296K, reserved 1069056K
  class space    used 2495K, capacity 2624K, committed 2688K, reserved 1048576K
Event: 6.536 GC heap after
Heap after GC invocations=6 (full 0):
 PSYoungGen      total 299520K, used 14875K [0x000000076ab00000, 0x000000077f700000, 0x00000007c0000000)
  eden space 262144K, 0% used [0x000000076ab00000,0x000000076ab00000,0x000000077ab00000)
  from space 37376K, 39% used [0x000000077d280000,0x000000077e106de0,0x000000077f700000)
  to   space 38912K, 0% used [0x000000077ab00000,0x000000077ab00000,0x000000077d100000)
 ParOldGen       total 175104K, used 54384K [0x00000006c0000000, 0x00000006cab00000, 0x000000076ab00000)
  object space 175104K, 31% used [0x00000006c0000000,0x00000006c351c108,0x00000006cab00000)
 Metaspace       used 20796K, capacity 21146K, committed 21296K, reserved 1069056K
  class space    used 2495K, capacity 2624K, committed 2688K, reserved 1048576K
}
Event: 6.536 GC heap before
{Heap before GC invocations=7 (full 1):
 PSYoungGen      total 299520K, used 14875K [0x000000076ab00000, 0x000000077f700000, 0x00000007c0000000)
  eden space 262144K, 0% used [0x000000076ab00000,0x000000076ab00000,0x000000077ab00000)
  from space 37376K, 39% used [0x000000077d280000,0x000000077e106de0,0x000000077f700000)
  to   space 38912K, 0% used [0x000000077ab00000,0x000000077ab00000,0x000000077d100000)
 ParOldGen       total 175104K, used 54384K [0x00000006c0000000, 0x00000006cab00000, 0x000000076ab00000)
  object space 175104K, 31% used [0x00000006c0000000,0x00000006c351c108,0x00000006cab00000)
 Metaspace       used 20796K, capacity 21146K, committed 21296K, reserved 1069056K
  class space    used 2495K, capacity 2624K, committed 2688K, reserved 1048576K
Event: 6.592 GC heap after
Heap after GC invocations=7 (full 1):
 PSYoungGen      total 299520K, used 0K [0x000000076ab00000, 0x000000077f700000, 0x00000007c0000000)
  eden space 262144K, 0% used [0x000000076ab00000,0x000000076ab00000,0x000000077ab00000)
  from space 37376K, 0% used [0x000000077d280000,0x000000077d280000,0x000000077f700000)
  to   space 38912K, 0% used [0x000000077ab00000,0x000000077ab00000,0x000000077d100000)
 ParOldGen       total 154112K, used 39891K [0x00000006c0000000, 0x00000006c9680000, 0x000000076ab00000)
  object space 154112K, 25% used [0x00000006c0000000,0x00000006c26f4e48,0x00000006c9680000)
 Metaspace       used 20796K, capacity 21146K, committed 21296K, reserved 1069056K
  class space    used 2495K, capacity 2624K, committed 2688K, reserved 1048576K
}
Event: 9.090 GC heap before
{Heap before GC invocations=8 (full 1):
 PSYoungGen      total 299520K, used 262144K [0x000000076ab00000, 0x000000077f700000, 0x00000007c0000000)
  eden space 262144K, 100% used [0x000000076ab00000,0x000000077ab00000,0x000000077ab00000)
  from space 37376K, 0% used [0x000000077d280000,0x000000077d280000,0x000000077f700000)
  to   space 38912K, 0% used [0x000000077ab00000,0x000000077ab00000,0x000000077d100000)
 ParOldGen       total 154112K, used 39891K [0x00000006c0000000, 0x00000006c9680000, 0x000000076ab00000)
  object space 154112K, 25% used [0x00000006c0000000,0x00000006c26f4e48,0x00000006c9680000)
 Metaspace       used 25929K, capacity 26398K, committed 26624K, reserved 1073152K
  class space    used 3187K, capacity 3306K, committed 3328K, reserved 1048576K
Event: 9.106 GC heap after
Heap after GC invocations=8 (full 1):
 PSYoungGen      total 301056K, used 22673K [0x000000076ab00000, 0x0000000789b80000, 0x00000007c0000000)
  eden space 262144K, 0% used [0x000000076ab00000,0x000000076ab00000,0x000000077ab00000)
  from space 38912K, 58% used [0x000000077ab00000,0x000000077c1244c0,0x000000077d100000)
  to   space 37376K, 0% used [0x0000000787700000,0x0000000787700000,0x0000000789b80000)
 ParOldGen       total 154112K, used 39899K [0x00000006c0000000, 0x00000006c9680000, 0x000000076ab00000)
  object space 154112K, 25% used [0x00000006c0000000,0x00000006c26f6e48,0x00000006c9680000)
 Metaspace       used 25929K, capacity 26398K, committed 26624K, reserved 1073152K
  class space    used 3187K, capacity 3306K, committed 3328K, reserved 1048576K
}
Event: 10.372 GC heap before
{Heap before GC invocations=9 (full 1):
 PSYoungGen      total 301056K, used 284817K [0x000000076ab00000, 0x0000000789b80000, 0x00000007c0000000)
  eden space 262144K, 100% used [0x000000076ab00000,0x000000077ab00000,0x000000077ab00000)
  from space 38912K, 58% used [0x000000077ab00000,0x000000077c1244c0,0x000000077d100000)
  to   space 37376K, 0% used [0x0000000787700000,0x0000000787700000,0x0000000789b80000)
 ParOldGen       total 154112K, used 39899K [0x00000006c0000000, 0x00000006c9680000, 0x000000076ab00000)
  object space 154112K, 25% used [0x00000006c0000000,0x00000006c26f6e48,0x00000006c9680000)
 Metaspace       used 28353K, capacity 28810K, committed 29312K, reserved 1075200K
  class space    used 3707K, capacity 3852K, committed 3968K, reserved 1048576K
Event: 10.395 GC heap after
Heap after GC invocations=9 (full 1):
 PSYoungGen      total 466432K, used 35543K [0x000000076ab00000, 0x000000078a580000, 0x00000007c0000000)
  eden space 429056K, 0% used [0x000000076ab00000,0x000000076ab00000,0x0000000784e00000)
  from space 37376K, 95% used [0x0000000787700000,0x00000007899b5f58,0x0000000789b80000)
  to   space 41984K, 0% used [0x0000000784e00000,0x0000000784e00000,0x0000000787700000)
 ParOldGen       total 154112K, used 39907K [0x00000006c0000000, 0x00000006c9680000, 0x000000076ab00000)
  object space 154112K, 25% used [0x00000006c0000000,0x00000006c26f8e48,0x00000006c9680000)
 Metaspace       used 28353K, capacity 28810K, committed 29312K, reserved 1075200K
  class space    used 3707K, capacity 3852K, committed 3968K, reserved 1048576K
}

