# JRE version: OpenJDK Runtime Environment (Zulu 8.62.0.19-CA-macosx) (8.0_332-b09) (build 1.8.0_332-b09)
# Java VM: OpenJDK 64-Bit Server VM (25.332-b09 mixed mode bsd-amd64 compressed oops)
Heap:
 PSYoungGen      total 403968K, used 151965K [0x000000076ab00000, 0x000000078f180000, 0x00000007c0000000)
  eden space 368128K, 37% used [0x000000076ab00000,0x000000077325f798,0x0000000781280000)
  from space 35840K, 37% used [0x0000000781280000,0x0000000781f87c90,0x0000000783580000)
  to   space 35328K, 0% used [0x000000078cf00000,0x000000078cf00000,0x000000078f180000)
 ParOldGen       total 134656K, used 73273K [0x00000006c0000000, 0x00000006c8380000, 0x000000076ab00000)
  object space 134656K, 54% used [0x00000006c0000000,0x00000006c478e6d0,0x00000006c8380000)
 Metaspace       used 34458K, capacity 34926K, committed 35328K, reserved 1079296K
  class space    used 4619K, capacity 4780K, committed 4864K, reserved 1048576K
GC Heap History (10 events):
Event: 5.590 GC heap before
{Heap before GC invocations=8 (full 0):
 PSYoungGen      total 160256K, used 69266K [0x000000076ab00000, 0x000000077e800000, 0x00000007c0000000)
  eden space 130048K, 33% used [0x000000076ab00000,0x000000076d5f8170,0x0000000772a00000)
  from space 30208K, 83% used [0x0000000772a00000,0x00000007742ac938,0x0000000774780000)
  to   space 32256K, 0% used [0x000000077c880000,0x000000077c880000,0x000000077e800000)
 ParOldGen       total 175104K, used 37795K [0x00000006c0000000, 0x00000006cab00000, 0x000000076ab00000)
  object space 175104K, 21% used [0x00000006c0000000,0x00000006c24e8e38,0x00000006cab00000)
 Metaspace       used 20743K, capacity 21052K, committed 21296K, reserved 1069056K
  class space    used 2479K, capacity 2591K, committed 2688K, reserved 1048576K
Event: 5.598 GC heap after
Heap after GC invocations=8 (full 0):
 PSYoungGen      total 291328K, used 20738K [0x000000076ab00000, 0x000000077e700000, 0x00000007c0000000)
  eden space 260096K, 0% used [0x000000076ab00000,0x000000076ab00000,0x000000077a900000)
  from space 31232K, 66% used [0x000000077c880000,0x000000077dcc0bf0,0x000000077e700000)
  to   space 31744K, 0% used [0x000000077a900000,0x000000077a900000,0x000000077c800000)
 ParOldGen       total 175104K, used 39635K [0x00000006c0000000, 0x00000006cab00000, 0x000000076ab00000)
  object space 175104K, 22% used [0x00000006c0000000,0x00000006c26b4ec8,0x00000006cab00000)
 Metaspace       used 20743K, capacity 21052K, committed 21296K, reserved 1069056K
  class space    used 2479K, capacity 2591K, committed 2688K, reserved 1048576K
}
Event: 5.598 GC heap before
{Heap before GC invocations=9 (full 1):
 PSYoungGen      total 291328K, used 20738K [0x000000076ab00000, 0x000000077e700000, 0x00000007c0000000)
  eden space 260096K, 0% used [0x000000076ab00000,0x000000076ab00000,0x000000077a900000)
  from space 31232K, 66% used [0x000000077c880000,0x000000077dcc0bf0,0x000000077e700000)
  to   space 31744K, 0% used [0x000000077a900000,0x000000077a900000,0x000000077c800000)
 ParOldGen       total 175104K, used 39635K [0x00000006c0000000, 0x00000006cab00000, 0x000000076ab00000)
  object space 175104K, 22% used [0x00000006c0000000,0x00000006c26b4ec8,0x00000006cab00000)
 Metaspace       used 20743K, capacity 21052K, committed 21296K, reserved 1069056K
  class space    used 2479K, capacity 2591K, committed 2688K, reserved 1048576K
Event: 5.644 GC heap after
Heap after GC invocations=9 (full 1):
 PSYoungGen      total 291328K, used 0K [0x000000076ab00000, 0x000000077e700000, 0x00000007c0000000)
  eden space 260096K, 0% used [0x000000076ab00000,0x000000076ab00000,0x000000077a900000)
  from space 31232K, 0% used [0x000000077c880000,0x000000077c880000,0x000000077e700000)
  to   space 31744K, 0% used [0x000000077a900000,0x000000077a900000,0x000000077c800000)
 ParOldGen       total 134656K, used 38867K [0x00000006c0000000, 0x00000006c8380000, 0x000000076ab00000)
  object space 134656K, 28% used [0x00000006c0000000,0x00000006c25f4d00,0x00000006c8380000)
 Metaspace       used 20743K, capacity 21052K, committed 21296K, reserved 1069056K
  class space    used 2479K, capacity 2591K, committed 2688K, reserved 1048576K
}
Event: 7.325 GC heap before
{Heap before GC invocations=10 (full 1):
 PSYoungGen      total 291328K, used 260096K [0x000000076ab00000, 0x000000077e700000, 0x00000007c0000000)
  eden space 260096K, 100% used [0x000000076ab00000,0x000000077a900000,0x000000077a900000)
  from space 31232K, 0% used [0x000000077c880000,0x000000077c880000,0x000000077e700000)
  to   space 31744K, 0% used [0x000000077a900000,0x000000077a900000,0x000000077c800000)
 ParOldGen       total 134656K, used 38867K [0x00000006c0000000, 0x00000006c8380000, 0x000000076ab00000)
  object space 134656K, 28% used [0x00000006c0000000,0x00000006c25f4d00,0x00000006c8380000)
 Metaspace       used 26093K, capacity 26436K, committed 26624K, reserved 1073152K
  class space    used 3158K, capacity 3273K, committed 3328K, reserved 1048576K
Event: 7.339 GC heap after
Heap after GC invocations=10 (full 1):
 PSYoungGen      total 291840K, used 20869K [0x000000076ab00000, 0x0000000785400000, 0x00000007c0000000)
  eden space 260096K, 0% used [0x000000076ab00000,0x000000076ab00000,0x000000077a900000)
  from space 31744K, 65% used [0x000000077a900000,0x000000077bd615f8,0x000000077c800000)
  to   space 31232K, 0% used [0x0000000783580000,0x0000000783580000,0x0000000785400000)
 ParOldGen       total 134656K, used 38875K [0x00000006c0000000, 0x00000006c8380000, 0x000000076ab00000)
  object space 134656K, 28% used [0x00000006c0000000,0x00000006c25f6d00,0x00000006c8380000)
 Metaspace       used 26093K, capacity 26436K, committed 26624K, reserved 1073152K
  class space    used 3158K, capacity 3273K, committed 3328K, reserved 1048576K
}
Event: 8.192 GC heap before
{Heap before GC invocations=11 (full 1):
 PSYoungGen      total 291840K, used 280965K [0x000000076ab00000, 0x0000000785400000, 0x00000007c0000000)
  eden space 260096K, 100% used [0x000000076ab00000,0x000000077a900000,0x000000077a900000)
  from space 31744K, 65% used [0x000000077a900000,0x000000077bd615f8,0x000000077c800000)
  to   space 31232K, 0% used [0x0000000783580000,0x0000000783580000,0x0000000785400000)
 ParOldGen       total 134656K, used 38875K [0x00000006c0000000, 0x00000006c8380000, 0x000000076ab00000)
  object space 134656K, 28% used [0x00000006c0000000,0x00000006c25f6d00,0x00000006c8380000)
 Metaspace       used 28251K, capacity 28688K, committed 29184K, reserved 1075200K
  class space    used 3610K, capacity 3723K, committed 3840K, reserved 1048576K
Event: 8.212 GC heap after
Heap after GC invocations=11 (full 1):
 PSYoungGen      total 399360K, used 31205K [0x000000076ab00000, 0x0000000785d80000, 0x00000007c0000000)
  eden space 368128K, 0% used [0x000000076ab00000,0x000000076ab00000,0x0000000781280000)
  from space 31232K, 99% used [0x0000000783580000,0x00000007853f9518,0x0000000785400000)
  to   space 35840K, 0% used [0x0000000781280000,0x0000000781280000,0x0000000783580000)
 ParOldGen       total 134656K, used 42324K [0x00000006c0000000, 0x00000006c8380000, 0x000000076ab00000)
  object space 134656K, 31% used [0x00000006c0000000,0x00000006c2955198,0x00000006c8380000)
 Metaspace       used 28251K, capacity 28688K, committed 29184K, reserved 1075200K
  class space    used 3610K, capacity 3723K, committed 3840K, reserved 1048576K
}
Event: 9.626 GC heap before
{Heap before GC invocations=12 (full 1):
 PSYoungGen      total 399360K, used 399333K [0x000000076ab00000, 0x0000000785d80000, 0x00000007c0000000)
  eden space 368128K, 100% used [0x000000076ab00000,0x0000000781280000,0x0000000781280000)
  from space 31232K, 99% used [0x0000000783580000,0x00000007853f9518,0x0000000785400000)
  to   space 35840K, 0% used [0x0000000781280000,0x0000000781280000,0x0000000783580000)
 ParOldGen       total 134656K, used 42324K [0x00000006c0000000, 0x00000006c8380000, 0x000000076ab00000)
  object space 134656K, 31% used [0x00000006c0000000,0x00000006c2955198,0x00000006c8380000)
 Metaspace       used 32591K, capacity 32996K, committed 33280K, reserved 1077248K
  class space    used 4408K, capacity 4539K, committed 4608K, reserved 1048576K
Event: 9.651 GC heap after
Heap after GC invocations=12 (full 1):
 PSYoungGen      total 403968K, used 13343K [0x000000076ab00000, 0x000000078f180000, 0x00000007c0000000)
  eden space 368128K, 0% used [0x000000076ab00000,0x000000076ab00000,0x0000000781280000)
  from space 35840K, 37% used [0x0000000781280000,0x0000000781f87c90,0x0000000783580000)
  to   space 35328K, 0% used [0x000000078cf00000,0x000000078cf00000,0x000000078f180000)
 ParOldGen       total 134656K, used 73273K [0x00000006c0000000, 0x00000006c8380000, 0x000000076ab00000)
  object space 134656K, 54% used [0x00000006c0000000,0x00000006c478e6d0,0x00000006c8380000)
 Metaspace       used 32591K, capacity 32996K, committed 33280K, reserved 1077248K
  class space    used 4408K, capacity 4539K, committed 4608K, reserved 1048576K
}

