# JRE version: OpenJDK Runtime Environment (Zulu 8.62.0.19-CA-macosx) (8.0_332-b09) (build 1.8.0_332-b09)
# Java VM: OpenJDK 64-Bit Server VM (25.332-b09 mixed mode bsd-amd64 compressed oops)
Heap:
 PSYoungGen      total 411136K, used 143556K [0x000000076ab00000, 0x0000000790800000, 0x00000007c0000000)
  eden space 375296K, 34% used [0x000000076ab00000,0x0000000772a20348,0x0000000781980000)
  from space 35840K, 37% used [0x0000000781980000,0x0000000782690cc8,0x0000000783c80000)
  to   space 35840K, 0% used [0x000000078e500000,0x000000078e500000,0x0000000790800000)
 ParOldGen       total 131072K, used 73233K [0x00000006c0000000, 0x00000006c8000000, 0x000000076ab00000)
  object space 131072K, 55% used [0x00000006c0000000,0x00000006c4784558,0x00000006c8000000)
 Metaspace       used 34479K, capacity 34990K, committed 35328K, reserved 1079296K
  class space    used 4618K, capacity 4780K, committed 4864K, reserved 1048576K
GC Heap History (10 events):
Event: 5.646 GC heap before
{Heap before GC invocations=8 (full 0):
 PSYoungGen      total 160256K, used 66455K [0x000000076ab00000, 0x000000077e800000, 0x00000007c0000000)
  eden space 130048K, 31% used [0x000000076ab00000,0x000000076d304cc8,0x0000000772a00000)
  from space 30208K, 84% used [0x0000000772a00000,0x00000007742e11c8,0x0000000774780000)
  to   space 32256K, 0% used [0x000000077c880000,0x000000077c880000,0x000000077e800000)
 ParOldGen       total 175104K, used 38097K [0x00000006c0000000, 0x00000006cab00000, 0x000000076ab00000)
  object space 175104K, 21% used [0x00000006c0000000,0x00000006c25345e0,0x00000006cab00000)
 Metaspace       used 20701K, capacity 21056K, committed 21296K, reserved 1069056K
  class space    used 2477K, capacity 2591K, committed 2688K, reserved 1048576K
Event: 5.657 GC heap after
Heap after GC invocations=8 (full 0):
 PSYoungGen      total 291328K, used 20756K [0x000000076ab00000, 0x000000077e700000, 0x00000007c0000000)
  eden space 260096K, 0% used [0x000000076ab00000,0x000000076ab00000,0x000000077a900000)
  from space 31232K, 66% used [0x000000077c880000,0x000000077dcc5090,0x000000077e700000)
  to   space 31744K, 0% used [0x000000077a900000,0x000000077a900000,0x000000077c800000)
 ParOldGen       total 175104K, used 40001K [0x00000006c0000000, 0x00000006cab00000, 0x000000076ab00000)
  object space 175104K, 22% used [0x00000006c0000000,0x00000006c2710680,0x00000006cab00000)
 Metaspace       used 20701K, capacity 21056K, committed 21296K, reserved 1069056K
  class space    used 2477K, capacity 2591K, committed 2688K, reserved 1048576K
}
Event: 5.657 GC heap before
{Heap before GC invocations=9 (full 1):
 PSYoungGen      total 291328K, used 20756K [0x000000076ab00000, 0x000000077e700000, 0x00000007c0000000)
  eden space 260096K, 0% used [0x000000076ab00000,0x000000076ab00000,0x000000077a900000)
  from space 31232K, 66% used [0x000000077c880000,0x000000077dcc5090,0x000000077e700000)
  to   space 31744K, 0% used [0x000000077a900000,0x000000077a900000,0x000000077c800000)
 ParOldGen       total 175104K, used 40001K [0x00000006c0000000, 0x00000006cab00000, 0x000000076ab00000)
  object space 175104K, 22% used [0x00000006c0000000,0x00000006c2710680,0x00000006cab00000)
 Metaspace       used 20701K, capacity 21056K, committed 21296K, reserved 1069056K
  class space    used 2477K, capacity 2591K, committed 2688K, reserved 1048576K
Event: 5.708 GC heap after
Heap after GC invocations=9 (full 1):
 PSYoungGen      total 291328K, used 0K [0x000000076ab00000, 0x000000077e700000, 0x00000007c0000000)
  eden space 260096K, 0% used [0x000000076ab00000,0x000000076ab00000,0x000000077a900000)
  from space 31232K, 0% used [0x000000077c880000,0x000000077c880000,0x000000077e700000)
  to   space 31744K, 0% used [0x000000077a900000,0x000000077a900000,0x000000077c800000)
 ParOldGen       total 131072K, used 38493K [0x00000006c0000000, 0x00000006c8000000, 0x000000076ab00000)
  object space 131072K, 29% used [0x00000006c0000000,0x00000006c2597638,0x00000006c8000000)
 Metaspace       used 20701K, capacity 21056K, committed 21296K, reserved 1069056K
  class space    used 2477K, capacity 2591K, committed 2688K, reserved 1048576K
}
Event: 7.452 GC heap before
{Heap before GC invocations=10 (full 1):
 PSYoungGen      total 291328K, used 260096K [0x000000076ab00000, 0x000000077e700000, 0x00000007c0000000)
  eden space 260096K, 100% used [0x000000076ab00000,0x000000077a900000,0x000000077a900000)
  from space 31232K, 0% used [0x000000077c880000,0x000000077c880000,0x000000077e700000)
  to   space 31744K, 0% used [0x000000077a900000,0x000000077a900000,0x000000077c800000)
 ParOldGen       total 131072K, used 38493K [0x00000006c0000000, 0x00000006c8000000, 0x000000076ab00000)
  object space 131072K, 29% used [0x00000006c0000000,0x00000006c2597638,0x00000006c8000000)
 Metaspace       used 26042K, capacity 26500K, committed 26880K, reserved 1073152K
  class space    used 3144K, capacity 3273K, committed 3328K, reserved 1048576K
Event: 7.472 GC heap after
Heap after GC invocations=10 (full 1):
 PSYoungGen      total 291840K, used 21008K [0x000000076ab00000, 0x0000000785b00000, 0x00000007c0000000)
  eden space 260096K, 0% used [0x000000076ab00000,0x000000076ab00000,0x000000077a900000)
  from space 31744K, 66% used [0x000000077a900000,0x000000077bd84160,0x000000077c800000)
  to   space 31232K, 0% used [0x0000000783c80000,0x0000000783c80000,0x0000000785b00000)
 ParOldGen       total 131072K, used 38501K [0x00000006c0000000, 0x00000006c8000000, 0x000000076ab00000)
  object space 131072K, 29% used [0x00000006c0000000,0x00000006c2599638,0x00000006c8000000)
 Metaspace       used 26042K, capacity 26500K, committed 26880K, reserved 1073152K
  class space    used 3144K, capacity 3273K, committed 3328K, reserved 1048576K
}
Event: 8.421 GC heap before
{Heap before GC invocations=11 (full 1):
 PSYoungGen      total 291840K, used 281104K [0x000000076ab00000, 0x0000000785b00000, 0x00000007c0000000)
  eden space 260096K, 100% used [0x000000076ab00000,0x000000077a900000,0x000000077a900000)
  from space 31744K, 66% used [0x000000077a900000,0x000000077bd84160,0x000000077c800000)
  to   space 31232K, 0% used [0x0000000783c80000,0x0000000783c80000,0x0000000785b00000)
 ParOldGen       total 131072K, used 38501K [0x00000006c0000000, 0x00000006c8000000, 0x000000076ab00000)
  object space 131072K, 29% used [0x00000006c0000000,0x00000006c2599638,0x00000006c8000000)
 Metaspace       used 28263K, capacity 28688K, committed 29184K, reserved 1075200K
  class space    used 3607K, capacity 3723K, committed 3840K, reserved 1048576K
Event: 8.439 GC heap after
Heap after GC invocations=11 (full 1):
 PSYoungGen      total 406528K, used 31214K [0x000000076ab00000, 0x0000000786180000, 0x00000007c0000000)
  eden space 375296K, 0% used [0x000000076ab00000,0x000000076ab00000,0x0000000781980000)
  from space 31232K, 99% used [0x0000000783c80000,0x0000000785afbae0,0x0000000785b00000)
  to   space 35840K, 0% used [0x0000000781980000,0x0000000781980000,0x0000000783c80000)
 ParOldGen       total 131072K, used 42297K [0x00000006c0000000, 0x00000006c8000000, 0x000000076ab00000)
  object space 131072K, 32% used [0x00000006c0000000,0x00000006c294e7c0,0x00000006c8000000)
 Metaspace       used 28263K, capacity 28688K, committed 29184K, reserved 1075200K
  class space    used 3607K, capacity 3723K, committed 3840K, reserved 1048576K
}
Event: 9.651 GC heap before
{Heap before GC invocations=12 (full 1):
 PSYoungGen      total 406528K, used 406510K [0x000000076ab00000, 0x0000000786180000, 0x00000007c0000000)
  eden space 375296K, 100% used [0x000000076ab00000,0x0000000781980000,0x0000000781980000)
  from space 31232K, 99% used [0x0000000783c80000,0x0000000785afbae0,0x0000000785b00000)
  to   space 35840K, 0% used [0x0000000781980000,0x0000000781980000,0x0000000783c80000)
 ParOldGen       total 131072K, used 42297K [0x00000006c0000000, 0x00000006c8000000, 0x000000076ab00000)
  object space 131072K, 32% used [0x00000006c0000000,0x00000006c294e7c0,0x00000006c8000000)
 Metaspace       used 32615K, capacity 33060K, committed 33536K, reserved 1079296K
  class space    used 4408K, capacity 4539K, committed 4608K, reserved 1048576K
Event: 9.697 GC heap after
Heap after GC invocations=12 (full 1):
 PSYoungGen      total 411136K, used 13379K [0x000000076ab00000, 0x0000000790800000, 0x00000007c0000000)
  eden space 375296K, 0% used [0x000000076ab00000,0x000000076ab00000,0x0000000781980000)
  from space 35840K, 37% used [0x0000000781980000,0x0000000782690cc8,0x0000000783c80000)
  to   space 35840K, 0% used [0x000000078e500000,0x000000078e500000,0x0000000790800000)
 ParOldGen       total 131072K, used 73233K [0x00000006c0000000, 0x00000006c8000000, 0x000000076ab00000)
  object space 131072K, 55% used [0x00000006c0000000,0x00000006c4784558,0x00000006c8000000)
 Metaspace       used 32615K, capacity 33060K, committed 33536K, reserved 1079296K
  class space    used 4408K, capacity 4539K, committed 4608K, reserved 1048576K
}

